<?xml version="1.0" encoding="UTF-8"?>
<testsuite xmlns:xsi="http://www.w3.org/2001/XMLSchema-instance" xsi:noNamespaceSchemaLocation="https://maven.apache.org/surefire/maven-surefire-plugin/xsd/surefire-test-report-3.0.xsd" version="3.0" name="com.p2plending.domain.borrower.service.LoanApprovalServiceTest" time="0.204" tests="11" errors="0" skipped="0" failures="0">
  <properties>
[...]
</properties>
  <testcase name="testVerifyValidKTP" classname="com.p2plending.domain.borrower.service.LoanApprovalServiceTest" time="0.022"/>
  <testcase name="testVerifyInvalidCreditScore_Negative" classname="com.p2plending.domain.borrower.service.LoanApprovalServiceTest" time="0.002"/>
  <testcase name="testCalculateLoanLimit_Basic" classname="com.p2plending.domain.borrower.service.LoanApprovalServiceTest" time="0.002"/>
  <testcase name="testVerifyKTP_NullInput" classname="com.p2plending.domain.borrower.service.LoanApprovalServiceTest" time="0.005"/>
  <testcase name="testCalculateLoanLimit_LargeSalary" classname="com.p2plending.domain.borrower.service.LoanApprovalServiceTest" time="0.005"/>
  <testcase name="testVerifyValidCreditScore_Middle" classname="com.p2plending.domain.borrower.service.LoanApprovalServiceTest" time="0.007"/>
  <testcase name="testVerifyInvalidCreditScore_TooHigh" classname="com.p2plending.domain.borrower.service.LoanApprovalServiceTest" time="0.005"/>
  <testcase name="testVerifyInvalidCreditScore_TooLow" classname="com.p2plending.domain.borrower.service.LoanApprovalServiceTest" time="0.006"/>
  <testcase name="testCalculateLoanLimit_SmallSalary" classname="com.p2plending.domain.borrower.service.LoanApprovalServiceTest" time="0.002"/>
  <testcase name="testVerifyValidCreditScore_Maximum" classname="com.p2plending.domain.borrower.service.LoanApprovalServiceTest" time="0.005"/>
  <testcase name="testVerifyValidCreditScore_Minimum" classname="com.p2plending.domain.borrower.service.LoanApprovalServiceTest" time="0.004"/>
</testsuite>