<?xml version="1.0" encoding="UTF-8"?>
<testsuite xmlns:xsi="http://www.w3.org/2001/XMLSchema-instance" xsi:noNamespaceSchemaLocation="https://maven.apache.org/surefire/maven-surefire-plugin/xsd/surefire-test-report-3.0.xsd" version="3.0" name="com.p2plending.domain.borrower.entity.BorrowerTest" time="0.104" tests="8" errors="0" skipped="0" failures="0">
  <properties>
[...]
</properties>
  <testcase name="shouldHaveZeroCancellationCountWhenCreated" classname="com.p2plending.domain.borrower.entity.BorrowerTest" time="0.036"/>
  <testcase name="shouldHaveNullLastBlockedDateWhenCreated" classname="com.p2plending.domain.borrower.entity.BorrowerTest" time="0.002"/>
  <testcase name="shouldThrowExceptionWhenCreditScoreBelowMinimum" classname="com.p2plending.domain.borrower.entity.BorrowerTest" time="0.005"/>
  <testcase name="shouldCreateBorrowerWithValidData" classname="com.p2plending.domain.borrower.entity.BorrowerTest" time="0.003"/>
  <testcase name="shouldThrowExceptionWhenGajiIsNull" classname="com.p2plending.domain.borrower.entity.BorrowerTest" time="0.002"/>
  <testcase name="shouldThrowExceptionWhenNamaIsNull" classname="com.p2plending.domain.borrower.entity.BorrowerTest" time="0.0"/>
  <testcase name="shouldThrowExceptionWhenKTPIsNull" classname="com.p2plending.domain.borrower.entity.BorrowerTest" time="0.0"/>
  <testcase name="shouldThrowExceptionWhenCreditScoreAboveMaximum" classname="com.p2plending.domain.borrower.entity.BorrowerTest" time="0.009"/>
</testsuite>